<?xml version="1.0" encoding="utf-8" ?>
<!DOCTYPE html PUBLIC "-//W3C//DTD XHTML 1.0 Strict//EN"
        "http://www.w3.org/TR/xhtml1/DTD/xhtml1-strict.dtd">
<html xmlns="http://www.w3.org/1999/xhtml" xml:lang="" lang="">
<head>
  <title>Test Results Report - Run on Chrome</title>
  <meta http-equiv="Content-Type" content="text/html;charset=utf-8" />
  <meta name="description" content="TestNG unit test results." />
  <link href="reportng.css" rel="stylesheet" type="text/css" />
    <script type="text/javascript" src="reportng.js"></script>
</head>
<body>
<h1>Run on Chrome</h1>
<p>
  Test duration: 10.871s
</p>



  <table class="resultsTable">
    <tr><th colspan="3" class="header failed">Failed Tests</th></tr>
          <tr>
        <td colspan="3" class="group">loginPage.Login_01</td>
      </tr>
            
<tr>
  <td class="method">
                  TC_02
      </td>
  <td class="duration">
    0.000s
  </td>
  <td class="result">
        
    
        

        <a href="javascript:toggleElement('exception-0', 'block')" title="Click to expand/collapse"><b>java.lang.Throwable: Mulitple failures (2):<br/>
Failure 1 of 2<br/>
java.lang.AssertionError: expected [false] but found [true]<br/>
	at org.testng.Assert.fail(Assert.java:94)<br/>
	at org.testng.Assert.failNotEquals(Assert.java:513)<br/>
	at org.testng.Assert.assertFalse(Assert.java:63)<br/>
	at org.testng.Assert.assertFalse(Assert.java:73)<br/>
	at commons.AbstractTest.checkFailed(AbstractTest.java:96)<br/>
	at commons.AbstractTest.verifyFalse(AbstractTest.java:106)<br/>
	at loginPage.Login_01.TC_02(Login_01.java:39)<br/>
	at sun.reflect.NativeMethodAccessorImpl.invoke0(Native Method)<br/>
	at sun.reflect.NativeMethodAccessorImpl.invoke(NativeMethodAccessorImpl.java:62)<br/>
	at sun.reflect.DelegatingMethodAccessorImpl.invoke(DelegatingMethodAccessorImpl.java:43)<br/>
	at java.lang.reflect.Method.invoke(Method.java:498)<br/>
	at org.testng.internal.MethodInvocationHelper.invokeMethod(MethodInvocationHelper.java:86)<br/>
	at org.testng.internal.Invoker.invokeMethod(Invoker.java:643)<br/>
	at org.testng.internal.Invoker.invokeTestMethod(Invoker.java:820)<br/>
	at org.testng.internal.Invoker.invokeTestMethods(Invoker.java:1128)<br/>
	at org.testng.internal.TestMethodWorker.invokeTestMethods(TestMethodWorker.java:129)<br/>
	at org.testng.internal.TestMethodWorker.run(TestMethodWorker.java:112)<br/>
	at org.testng.TestRunner.privateRun(TestRunner.java:782)<br/>
	at org.testng.TestRunner.run(TestRunner.java:632)<br/>
	at org.testng.SuiteRunner.runTest(SuiteRunner.java:366)<br/>
	at org.testng.SuiteRunner.runSequentially(SuiteRunner.java:361)<br/>
	at org.testng.SuiteRunner.privateRun(SuiteRunner.java:319)<br/>
	at org.testng.SuiteRunner.run(SuiteRunner.java:268)<br/>
	at org.testng.SuiteRunnerWorker.runSuite(SuiteRunnerWorker.java:52)<br/>
	at org.testng.SuiteRunnerWorker.run(SuiteRunnerWorker.java:86)<br/>
	at org.testng.TestNG.runSuitesSequentially(TestNG.java:1244)<br/>
	at org.testng.TestNG.runSuitesLocally(TestNG.java:1169)<br/>
	at org.testng.TestNG.run(TestNG.java:1064)<br/>
	at com.intellij.rt.testng.IDEARemoteTestNG.run(IDEARemoteTestNG.java:66)<br/>
	at com.intellij.rt.testng.RemoteTestNGStarter.main(RemoteTestNGStarter.java:110)<br/>
<br/>
Failure 2 of 2<br/>
java.lang.AssertionError: expected [2] but found [1]</b></a><br />
    <div class="stackTrace" id="exception-0">
              org.testng.Assert.fail(Assert.java:94)<br />
              org.testng.Assert.failNotEquals(Assert.java:513)<br />
              org.testng.Assert.assertEqualsImpl(Assert.java:135)<br />
              org.testng.Assert.assertEquals(Assert.java:116)<br />
              org.testng.Assert.assertEquals(Assert.java:179)<br />
              commons.AbstractTest.checkEquals(AbstractTest.java:112)<br />
              commons.AbstractTest.verifyEquals(AbstractTest.java:124)<br />
              loginPage.Login_01.TC_02(Login_01.java:40)<br />
              sun.reflect.NativeMethodAccessorImpl.invoke0(Native Method)<br />
              sun.reflect.NativeMethodAccessorImpl.invoke(NativeMethodAccessorImpl.java:62)<br />
              sun.reflect.DelegatingMethodAccessorImpl.invoke(DelegatingMethodAccessorImpl.java:43)<br />
              java.lang.reflect.Method.invoke(Method.java:498)<br />
              org.testng.internal.MethodInvocationHelper.invokeMethod(MethodInvocationHelper.java:86)<br />
              org.testng.internal.Invoker.invokeMethod(Invoker.java:643)<br />
              org.testng.internal.Invoker.invokeTestMethod(Invoker.java:820)<br />
              org.testng.internal.Invoker.invokeTestMethods(Invoker.java:1128)<br />
              org.testng.internal.TestMethodWorker.invokeTestMethods(TestMethodWorker.java:129)<br />
              org.testng.internal.TestMethodWorker.run(TestMethodWorker.java:112)<br />
              org.testng.TestRunner.privateRun(TestRunner.java:782)<br />
              org.testng.TestRunner.run(TestRunner.java:632)<br />
              org.testng.SuiteRunner.runTest(SuiteRunner.java:366)<br />
              org.testng.SuiteRunner.runSequentially(SuiteRunner.java:361)<br />
              org.testng.SuiteRunner.privateRun(SuiteRunner.java:319)<br />
              org.testng.SuiteRunner.run(SuiteRunner.java:268)<br />
              org.testng.SuiteRunnerWorker.runSuite(SuiteRunnerWorker.java:52)<br />
              org.testng.SuiteRunnerWorker.run(SuiteRunnerWorker.java:86)<br />
              org.testng.TestNG.runSuitesSequentially(TestNG.java:1244)<br />
              org.testng.TestNG.runSuitesLocally(TestNG.java:1169)<br />
              org.testng.TestNG.run(TestNG.java:1064)<br />
              com.intellij.rt.testng.IDEARemoteTestNG.run(IDEARemoteTestNG.java:66)<br />
              com.intellij.rt.testng.RemoteTestNGStarter.main(RemoteTestNGStarter.java:110)<br />
                </div>
      </td>
</tr>
      </table>


  <table class="resultsTable">
    <tr><th colspan="3" class="header passed">Passed Tests</th></tr>
          <tr>
        <td colspan="3" class="group">loginPage.Login_01</td>
      </tr>
            
<tr>
  <td class="method">
                  TC_01
      </td>
  <td class="duration">
    0.883s
  </td>
  <td class="result">
        
    
        

      </td>
</tr>
      </table>
  
</body>
</html>
